# JRE version: OpenJDK Runtime Environment Temurin-21.0.8+9 (21.0.8+9) (build 21.0.8+9-LTS)
# Java VM: OpenJDK 64-Bit Server VM Temurin-21.0.8+9 (21.0.8+9-LTS, mixed mode, sharing, tiered, compressed oops, compressed class ptrs, parallel gc, windows-amd64)
GC Precious Log:
 CardTable entry size: 512
 CPUs: 12 total, 12 available
 Memory: 7044M
 Large Page Support: Disabled
 NUMA Support: Disabled
 Compressed Oops: Enabled (32-bit)
 Alignments: Space 512K, Generation 512K, Heap 2M
 Heap Min Capacity: 100M
 Heap Initial Capacity: 100M
 Heap Max Capacity: 2G
 Pre-touch: Disabled
 Parallel Workers: 10
Heap:
 PSYoungGen      total 16896K, used 6481K [0x00000000d5580000, 0x00000000d6d00000, 0x0000000100000000)
  eden space 14848K, 42% used [0x00000000d5580000,0x00000000d5bac480,0x00000000d6400000)
  from space 2048K, 7% used [0x00000000d6900000,0x00000000d6928000,0x00000000d6b00000)
  to   space 512K, 0% used [0x00000000d6c80000,0x00000000d6c80000,0x00000000d6d00000)
 ParOldGen       total 1144832K, used 895310K [0x0000000080000000, 0x00000000c5e00000, 0x00000000d5580000)
  object space 1144832K, 78% used [0x0000000080000000,0x00000000b6a53948,0x00000000c5e00000)
 Metaspace       used 98278K, committed 100096K, reserved 1179648K
  class space    used 10434K, committed 11200K, reserved 1048576K
GC Heap History (20 events):
Event: 1022.725 GC heap before
{Heap before GC invocations=1878 (full 4):
 PSYoungGen      total 15360K, used 15231K [0x00000000d5580000, 0x00000000d7400000, 0x0000000100000000)
  eden space 13824K, 99% used [0x00000000d5580000,0x00000000d62e0648,0x00000000d6300000)
  from space 1536K, 99% used [0x00000000d6300000,0x00000000d647f880,0x00000000d6480000)
  to   space 8704K, 0% used [0x00000000d6b80000,0x00000000d6b80000,0x00000000d7400000)
 ParOldGen       total 1144832K, used 823159K [0x0000000080000000, 0x00000000c5e00000, 0x00000000d5580000)
  object space 1144832K, 71% used [0x0000000080000000,0x00000000b23ddc88,0x00000000c5e00000)
 Metaspace       used 98168K, committed 99968K, reserved 1179648K
  class space    used 10434K, committed 11200K, reserved 1048576K
}
Event: 1022.759 GC heap after
{Heap after GC invocations=1878 (full 4):
 PSYoungGen      total 13312K, used 8700K [0x00000000d5580000, 0x00000000d8600000, 0x0000000100000000)
  eden space 4608K, 0% used [0x00000000d5580000,0x00000000d5580000,0x00000000d5a00000)
  from space 8704K, 99% used [0x00000000d6b80000,0x00000000d73ff000,0x00000000d7400000)
  to   space 17920K, 0% used [0x00000000d5a00000,0x00000000d5a00000,0x00000000d6b80000)
 ParOldGen       total 1144832K, used 830163K [0x0000000080000000, 0x00000000c5e00000, 0x00000000d5580000)
  object space 1144832K, 72% used [0x0000000080000000,0x00000000b2ab4d98,0x00000000c5e00000)
 Metaspace       used 98168K, committed 99968K, reserved 1179648K
  class space    used 10434K, committed 11200K, reserved 1048576K
}
Event: 1022.800 GC heap before
{Heap before GC invocations=1879 (full 4):
 PSYoungGen      total 13312K, used 13300K [0x00000000d5580000, 0x00000000d8600000, 0x0000000100000000)
  eden space 4608K, 99% used [0x00000000d5580000,0x00000000d59fe200,0x00000000d5a00000)
  from space 8704K, 99% used [0x00000000d6b80000,0x00000000d73ff000,0x00000000d7400000)
  to   space 17920K, 0% used [0x00000000d5a00000,0x00000000d5a00000,0x00000000d6b80000)
 ParOldGen       total 1144832K, used 830163K [0x0000000080000000, 0x00000000c5e00000, 0x00000000d5580000)
  object space 1144832K, 72% used [0x0000000080000000,0x00000000b2ab4d98,0x00000000c5e00000)
 Metaspace       used 98174K, committed 99968K, reserved 1179648K
  class space    used 10434K, committed 11200K, reserved 1048576K
}
Event: 1022.833 GC heap after
{Heap after GC invocations=1879 (full 4):
 PSYoungGen      total 7168K, used 2552K [0x00000000d5580000, 0x00000000d6c00000, 0x0000000100000000)
  eden space 4608K, 0% used [0x00000000d5580000,0x00000000d5580000,0x00000000d5a00000)
  from space 2560K, 99% used [0x00000000d5a00000,0x00000000d5c7e000,0x00000000d5c80000)
  to   space 7680K, 0% used [0x00000000d6480000,0x00000000d6480000,0x00000000d6c00000)
 ParOldGen       total 1144832K, used 838507K [0x0000000080000000, 0x00000000c5e00000, 0x00000000d5580000)
  object space 1144832K, 73% used [0x0000000080000000,0x00000000b32dad98,0x00000000c5e00000)
 Metaspace       used 98174K, committed 99968K, reserved 1179648K
  class space    used 10434K, committed 11200K, reserved 1048576K
}
Event: 1022.851 GC heap before
{Heap before GC invocations=1880 (full 4):
 PSYoungGen      total 7168K, used 6908K [0x00000000d5580000, 0x00000000d6c00000, 0x0000000100000000)
  eden space 4608K, 94% used [0x00000000d5580000,0x00000000d59c1278,0x00000000d5a00000)
  from space 2560K, 99% used [0x00000000d5a00000,0x00000000d5c7e000,0x00000000d5c80000)
  to   space 7680K, 0% used [0x00000000d6480000,0x00000000d6480000,0x00000000d6c00000)
 ParOldGen       total 1144832K, used 838507K [0x0000000080000000, 0x00000000c5e00000, 0x00000000d5580000)
  object space 1144832K, 73% used [0x0000000080000000,0x00000000b32dad98,0x00000000c5e00000)
 Metaspace       used 98174K, committed 99968K, reserved 1179648K
  class space    used 10434K, committed 11200K, reserved 1048576K
}
Event: 1022.860 GC heap after
{Heap after GC invocations=1880 (full 4):
 PSYoungGen      total 9728K, used 3715K [0x00000000d5580000, 0x00000000d6880000, 0x0000000100000000)
  eden space 5632K, 0% used [0x00000000d5580000,0x00000000d5580000,0x00000000d5b00000)
  from space 4096K, 90% used [0x00000000d6480000,0x00000000d6820fc0,0x00000000d6880000)
  to   space 4096K, 0% used [0x00000000d6080000,0x00000000d6080000,0x00000000d6480000)
 ParOldGen       total 1144832K, used 841303K [0x0000000080000000, 0x00000000c5e00000, 0x00000000d5580000)
  object space 1144832K, 73% used [0x0000000080000000,0x00000000b3595da8,0x00000000c5e00000)
 Metaspace       used 98174K, committed 99968K, reserved 1179648K
  class space    used 10434K, committed 11200K, reserved 1048576K
}
Event: 1022.873 GC heap before
{Heap before GC invocations=1881 (full 4):
 PSYoungGen      total 9728K, used 9347K [0x00000000d5580000, 0x00000000d6880000, 0x0000000100000000)
  eden space 5632K, 99% used [0x00000000d5580000,0x00000000d5affff0,0x00000000d5b00000)
  from space 4096K, 90% used [0x00000000d6480000,0x00000000d6820fc0,0x00000000d6880000)
  to   space 4096K, 0% used [0x00000000d6080000,0x00000000d6080000,0x00000000d6480000)
 ParOldGen       total 1144832K, used 841303K [0x0000000080000000, 0x00000000c5e00000, 0x00000000d5580000)
  object space 1144832K, 73% used [0x0000000080000000,0x00000000b3595da8,0x00000000c5e00000)
 Metaspace       used 98174K, committed 99968K, reserved 1179648K
  class space    used 10434K, committed 11200K, reserved 1048576K
}
Event: 1022.888 GC heap after
{Heap after GC invocations=1881 (full 4):
 PSYoungGen      total 11264K, used 4095K [0x00000000d5580000, 0x00000000d7480000, 0x0000000100000000)
  eden space 7168K, 0% used [0x00000000d5580000,0x00000000d5580000,0x00000000d5c80000)
  from space 4096K, 99% used [0x00000000d6080000,0x00000000d647ff40,0x00000000d6480000)
  to   space 12288K, 0% used [0x00000000d6880000,0x00000000d6880000,0x00000000d7480000)
 ParOldGen       total 1144832K, used 847957K [0x0000000080000000, 0x00000000c5e00000, 0x00000000d5580000)
  object space 1144832K, 74% used [0x0000000080000000,0x00000000b3c15488,0x00000000c5e00000)
 Metaspace       used 98174K, committed 99968K, reserved 1179648K
  class space    used 10434K, committed 11200K, reserved 1048576K
}
Event: 1022.947 GC heap before
{Heap before GC invocations=1882 (full 4):
 PSYoungGen      total 11264K, used 11263K [0x00000000d5580000, 0x00000000d7480000, 0x0000000100000000)
  eden space 7168K, 100% used [0x00000000d5580000,0x00000000d5c80000,0x00000000d5c80000)
  from space 4096K, 99% used [0x00000000d6080000,0x00000000d647ff40,0x00000000d6480000)
  to   space 12288K, 0% used [0x00000000d6880000,0x00000000d6880000,0x00000000d7480000)
 ParOldGen       total 1144832K, used 847957K [0x0000000080000000, 0x00000000c5e00000, 0x00000000d5580000)
  object space 1144832K, 74% used [0x0000000080000000,0x00000000b3c15488,0x00000000c5e00000)
 Metaspace       used 98181K, committed 99968K, reserved 1179648K
  class space    used 10434K, committed 11200K, reserved 1048576K
}
Event: 1022.953 GC heap after
{Heap after GC invocations=1882 (full 4):
 PSYoungGen      total 14848K, used 5852K [0x00000000d5580000, 0x00000000d6e80000, 0x0000000100000000)
  eden space 8704K, 0% used [0x00000000d5580000,0x00000000d5580000,0x00000000d5e00000)
  from space 6144K, 95% used [0x00000000d6880000,0x00000000d6e37240,0x00000000d6e80000)
  to   space 7680K, 0% used [0x00000000d5f80000,0x00000000d5f80000,0x00000000d6700000)
 ParOldGen       total 1144832K, used 848325K [0x0000000080000000, 0x00000000c5e00000, 0x00000000d5580000)
  object space 1144832K, 74% used [0x0000000080000000,0x00000000b3c71488,0x00000000c5e00000)
 Metaspace       used 98181K, committed 99968K, reserved 1179648K
  class space    used 10434K, committed 11200K, reserved 1048576K
}
Event: 1022.985 GC heap before
{Heap before GC invocations=1883 (full 4):
 PSYoungGen      total 14848K, used 14556K [0x00000000d5580000, 0x00000000d6e80000, 0x0000000100000000)
  eden space 8704K, 100% used [0x00000000d5580000,0x00000000d5e00000,0x00000000d5e00000)
  from space 6144K, 95% used [0x00000000d6880000,0x00000000d6e37240,0x00000000d6e80000)
  to   space 7680K, 0% used [0x00000000d5f80000,0x00000000d5f80000,0x00000000d6700000)
 ParOldGen       total 1144832K, used 856005K [0x0000000080000000, 0x00000000c5e00000, 0x00000000d5580000)
  object space 1144832K, 74% used [0x0000000080000000,0x00000000b43f1498,0x00000000c5e00000)
 Metaspace       used 98188K, committed 99968K, reserved 1179648K
  class space    used 10434K, committed 11200K, reserved 1048576K
}
Event: 1023.005 GC heap after
{Heap after GC invocations=1883 (full 4):
 PSYoungGen      total 17920K, used 7648K [0x00000000d5580000, 0x00000000d8000000, 0x0000000100000000)
  eden space 10240K, 0% used [0x00000000d5580000,0x00000000d5580000,0x00000000d5f80000)
  from space 7680K, 99% used [0x00000000d5f80000,0x00000000d66f8020,0x00000000d6700000)
  to   space 16384K, 0% used [0x00000000d7000000,0x00000000d7000000,0x00000000d8000000)
 ParOldGen       total 1144832K, used 862722K [0x0000000080000000, 0x00000000c5e00000, 0x00000000d5580000)
  object space 1144832K, 75% used [0x0000000080000000,0x00000000b4a80908,0x00000000c5e00000)
 Metaspace       used 98188K, committed 99968K, reserved 1179648K
  class space    used 10434K, committed 11200K, reserved 1048576K
}
Event: 1023.186 GC heap before
{Heap before GC invocations=1884 (full 4):
 PSYoungGen      total 17920K, used 17689K [0x00000000d5580000, 0x00000000d8000000, 0x0000000100000000)
  eden space 10240K, 98% used [0x00000000d5580000,0x00000000d5f4e418,0x00000000d5f80000)
  from space 7680K, 99% used [0x00000000d5f80000,0x00000000d66f8020,0x00000000d6700000)
  to   space 16384K, 0% used [0x00000000d7000000,0x00000000d7000000,0x00000000d8000000)
 ParOldGen       total 1144832K, used 885762K [0x0000000080000000, 0x00000000c5e00000, 0x00000000d5580000)
  object space 1144832K, 77% used [0x0000000080000000,0x00000000b6100928,0x00000000c5e00000)
 Metaspace       used 98216K, committed 99968K, reserved 1179648K
  class space    used 10434K, committed 11200K, reserved 1048576K
}
Event: 1023.215 GC heap after
{Heap after GC invocations=1884 (full 4):
 PSYoungGen      total 15360K, used 2656K [0x00000000d5580000, 0x00000000d7300000, 0x0000000100000000)
  eden space 12288K, 0% used [0x00000000d5580000,0x00000000d5580000,0x00000000d6180000)
  from space 3072K, 86% used [0x00000000d7000000,0x00000000d7298000,0x00000000d7300000)
  to   space 7168K, 0% used [0x00000000d6500000,0x00000000d6500000,0x00000000d6c00000)
 ParOldGen       total 1144832K, used 892626K [0x0000000080000000, 0x00000000c5e00000, 0x00000000d5580000)
  object space 1144832K, 77% used [0x0000000080000000,0x00000000b67b4928,0x00000000c5e00000)
 Metaspace       used 98216K, committed 99968K, reserved 1179648K
  class space    used 10434K, committed 11200K, reserved 1048576K
}
Event: 1023.242 GC heap before
{Heap before GC invocations=1885 (full 4):
 PSYoungGen      total 15360K, used 14255K [0x00000000d5580000, 0x00000000d7300000, 0x0000000100000000)
  eden space 12288K, 94% used [0x00000000d5580000,0x00000000d60d3f98,0x00000000d6180000)
  from space 3072K, 86% used [0x00000000d7000000,0x00000000d7298000,0x00000000d7300000)
  to   space 7168K, 0% used [0x00000000d6500000,0x00000000d6500000,0x00000000d6c00000)
 ParOldGen       total 1144832K, used 892626K [0x0000000080000000, 0x00000000c5e00000, 0x00000000d5580000)
  object space 1144832K, 77% used [0x0000000080000000,0x00000000b67b4928,0x00000000c5e00000)
 Metaspace       used 98216K, committed 99968K, reserved 1179648K
  class space    used 10434K, committed 11200K, reserved 1048576K
}
Event: 1023.251 GC heap after
{Heap after GC invocations=1885 (full 4):
 PSYoungGen      total 22016K, used 3635K [0x00000000d5580000, 0x00000000d7080000, 0x0000000100000000)
  eden space 14848K, 0% used [0x00000000d5580000,0x00000000d5580000,0x00000000d6400000)
  from space 7168K, 50% used [0x00000000d6500000,0x00000000d688cd00,0x00000000d6c00000)
  to   space 4096K, 0% used [0x00000000d6c80000,0x00000000d6c80000,0x00000000d7080000)
 ParOldGen       total 1144832K, used 895134K [0x0000000080000000, 0x00000000c5e00000, 0x00000000d5580000)
  object space 1144832K, 78% used [0x0000000080000000,0x00000000b6a27948,0x00000000c5e00000)
 Metaspace       used 98216K, committed 99968K, reserved 1179648K
  class space    used 10434K, committed 11200K, reserved 1048576K
}
Event: 9435.562 GC heap before
{Heap before GC invocations=1886 (full 4):
 PSYoungGen      total 22016K, used 18483K [0x00000000d5580000, 0x00000000d7080000, 0x0000000100000000)
  eden space 14848K, 100% used [0x00000000d5580000,0x00000000d6400000,0x00000000d6400000)
  from space 7168K, 50% used [0x00000000d6500000,0x00000000d688cd00,0x00000000d6c00000)
  to   space 4096K, 0% used [0x00000000d6c80000,0x00000000d6c80000,0x00000000d7080000)
 ParOldGen       total 1144832K, used 895134K [0x0000000080000000, 0x00000000c5e00000, 0x00000000d5580000)
  object space 1144832K, 78% used [0x0000000080000000,0x00000000b6a27948,0x00000000c5e00000)
 Metaspace       used 98249K, committed 100032K, reserved 1179648K
  class space    used 10434K, committed 11200K, reserved 1048576K
}
Event: 9435.785 GC heap after
{Heap after GC invocations=1886 (full 4):
 PSYoungGen      total 15360K, used 320K [0x00000000d5580000, 0x00000000d6d00000, 0x0000000100000000)
  eden space 14848K, 0% used [0x00000000d5580000,0x00000000d5580000,0x00000000d6400000)
  from space 512K, 62% used [0x00000000d6c80000,0x00000000d6cd0000,0x00000000d6d00000)
  to   space 2048K, 0% used [0x00000000d6900000,0x00000000d6900000,0x00000000d6b00000)
 ParOldGen       total 1144832K, used 895174K [0x0000000080000000, 0x00000000c5e00000, 0x00000000d5580000)
  object space 1144832K, 78% used [0x0000000080000000,0x00000000b6a31948,0x00000000c5e00000)
 Metaspace       used 98249K, committed 100032K, reserved 1179648K
  class space    used 10434K, committed 11200K, reserved 1048576K
}
Event: 45188.553 GC heap before
{Heap before GC invocations=1887 (full 4):
 PSYoungGen      total 15360K, used 15168K [0x00000000d5580000, 0x00000000d6d00000, 0x0000000100000000)
  eden space 14848K, 100% used [0x00000000d5580000,0x00000000d6400000,0x00000000d6400000)
  from space 512K, 62% used [0x00000000d6c80000,0x00000000d6cd0000,0x00000000d6d00000)
  to   space 2048K, 0% used [0x00000000d6900000,0x00000000d6900000,0x00000000d6b00000)
 ParOldGen       total 1144832K, used 895174K [0x0000000080000000, 0x00000000c5e00000, 0x00000000d5580000)
  object space 1144832K, 78% used [0x0000000080000000,0x00000000b6a31948,0x00000000c5e00000)
 Metaspace       used 98275K, committed 100096K, reserved 1179648K
  class space    used 10434K, committed 11200K, reserved 1048576K
}
Event: 45188.739 GC heap after
{Heap after GC invocations=1887 (full 4):
 PSYoungGen      total 16896K, used 160K [0x00000000d5580000, 0x00000000d6d00000, 0x0000000100000000)
  eden space 14848K, 0% used [0x00000000d5580000,0x00000000d5580000,0x00000000d6400000)
  from space 2048K, 7% used [0x00000000d6900000,0x00000000d6928000,0x00000000d6b00000)
  to   space 512K, 0% used [0x00000000d6c80000,0x00000000d6c80000,0x00000000d6d00000)
 ParOldGen       total 1144832K, used 895310K [0x0000000080000000, 0x00000000c5e00000, 0x00000000d5580000)
  object space 1144832K, 78% used [0x0000000080000000,0x00000000b6a53948,0x00000000c5e00000)
 Metaspace       used 98275K, committed 100096K, reserved 1179648K
  class space    used 10434K, committed 11200K, reserved 1048576K
}

